<?xml version="1.0" ?>
<!DOCTYPE coverage SYSTEM "http://cobertura.sourceforge.net/xml/coverage-04.dtd">
<coverage lines-valid="162"  lines-covered="61"  line-rate="0.3765"  branches-valid="110"  branches-covered="50"  branch-rate="0.4545"  timestamp="1464085895367" complexity="0" version="0.1">
<sources>
	<source>/home/shigeru/test/grass-sweeper</source>
</sources>
<packages>
	<package name="components.clicker"  line-rate="0.5714"  branch-rate="1" >
	<classes>
		<class name="index.js"  filename="src/components/clicker/index.js"  line-rate="0.5714"  branch-rate="1" >
		<methods>
			<method name="_interopRequireDefault"  hits="7"  signature="()V" >
				<lines><line number="44"  hits="7" /></lines>
			</method>
			<method name="mapStateToProps"  hits="0"  signature="()V" >
				<lines><line number="46"  hits="0" /></lines>
			</method>
			<method name="mapDispatchToProps"  hits="0"  signature="()V" >
				<lines><line number="52"  hits="0" /></lines>
			</method>
			<method name="(anonymous_4)"  hits="1"  signature="()V" >
				<lines><line number="56"  hits="1" /></lines>
			</method>
			<method name="Clicker"  hits="1"  signature="()V" >
				<lines><line number="59"  hits="1" /></lines>
			</method>
			<method name="render"  hits="1"  signature="()V" >
				<lines><line number="66"  hits="1" /></lines>
			</method>
			<method name="onClick"  hits="0"  signature="()V" >
				<lines><line number="81"  hits="0" /></lines>
			</method>
		</methods>
		<lines>
			<line number="0"  hits="7"  branch="false" />
			<line number="1"  hits="1"  branch="false" />
			<line number="2"  hits="1"  branch="false" />
			<line number="3"  hits="1"  branch="false" />
			<line number="5"  hits="1"  branch="false" />
			<line number="7"  hits="1"  branch="false" />
			<line number="9"  hits="1"  branch="false" />
			<line number="10"  hits="0"  branch="false" />
			<line number="15"  hits="1"  branch="false" />
			<line number="16"  hits="0"  branch="false" />
			<line number="26"  hits="0"  branch="false" />
			<line number="27"  hits="0"  branch="false" />
			<line number="33"  hits="0"  branch="false" />
			<line number="34"  hits="0"  branch="false" />
		</lines>
		</class>
	</classes>
	</package>
	<package name="components.footer"  line-rate="0.75"  branch-rate="1" >
	<classes>
		<class name="index.js"  filename="src/components/footer/index.js"  line-rate="0.75"  branch-rate="1" >
		<methods>
			<method name="_interopRequireDefault"  hits="2"  signature="()V" >
				<lines><line number="15"  hits="2" /></lines>
			</method>
			<method name="(anonymous_2)"  hits="0"  signature="()V" >
				<lines><line number="17"  hits="0" /></lines>
			</method>
		</methods>
		<lines>
			<line number="0"  hits="2"  branch="false" />
			<line number="1"  hits="1"  branch="false" />
			<line number="2"  hits="1"  branch="false" />
			<line number="4"  hits="0"  branch="false" />
		</lines>
		</class>
	</classes>
	</package>
	<package name="components.grass"  line-rate="0.1863"  branch-rate="0.24239999999999998" >
	<classes>
		<class name="grass.js"  filename="src/components/grass/grass.js"  line-rate="0.1905"  branch-rate="0.3333" >
		<methods>
			<method name="_interopRequireDefault"  hits="6"  signature="()V" >
				<lines><line number="32"  hits="6" /></lines>
			</method>
			<method name="(anonymous_2)"  hits="1"  signature="()V" >
				<lines><line number="34"  hits="1" /></lines>
			</method>
			<method name="Grass"  hits="0"  signature="()V" >
				<lines><line number="37"  hits="0" /></lines>
			</method>
			<method name="componentWillReceiveProps"  hits="1"  signature="()V" >
				<lines><line number="55"  hits="1" /></lines>
			</method>
			<method name="open"  hits="1"  signature="()V" >
				<lines><line number="65"  hits="1" /></lines>
			</method>
			<method name="mark"  hits="1"  signature="()V" >
				<lines><line number="70"  hits="1" /></lines>
			</method>
			<method name="_handleHighlight"  hits="1"  signature="()V" >
				<lines><line number="78"  hits="1" /></lines>
			</method>
			<method name="render"  hits="1"  signature="()V" >
				<lines><line number="83"  hits="1" /></lines>
			</method>
		</methods>
		<lines>
			<line number="0"  hits="6"  branch="false" />
			<line number="1"  hits="1"  branch="false" />
			<line number="4"  hits="1"  branch="false" />
			<line number="7"  hits="0"  branch="false" />
			<line number="15"  hits="0"  branch="false" />
			<line number="23"  hits="0"  branch="false" />
			<line number="26"  hits="0"  branch="false" />
			<line number="27"  hits="0"  branch="false" />
			<line number="28"  hits="0"  branch="false" />
			<line number="34"  hits="0"  branch="false" />
			<line number="35"  hits="0"  branch="false" />
			<line number="36"  hits="0"  branch="false" />
			<line number="37"  hits="0"  branch="false" />
			<line number="38"  hits="0"  branch="false" />
			<line number="40"  hits="0"  branch="false" />
			<line number="41"  hits="0"  branch="false" />
			<line number="42"  hits="0"  branch="false" />
			<line number="43"  hits="0"  branch="false" />
			<line number="44"  hits="0"  branch="false" />
			<line number="46"  hits="0"  branch="false" />
			<line number="59"  hits="1"  branch="false" />
		</lines>
		</class>
		<class name="grasses.js"  filename="src/components/grass/grasses.js"  line-rate="0.0909"  branch-rate="0.09519999999999999" >
		<methods>
			<method name="_interopRequireDefault"  hits="7"  signature="()V" >
				<lines><line number="36"  hits="7" /></lines>
			</method>
			<method name="(anonymous_2)"  hits="1"  signature="()V" >
				<lines><line number="38"  hits="1" /></lines>
			</method>
			<method name="Grasses"  hits="0"  signature="()V" >
				<lines><line number="41"  hits="0" /></lines>
			</method>
			<method name="componentWillReceiveProps"  hits="1"  signature="()V" >
				<lines><line number="52"  hits="1" /></lines>
			</method>
			<method name="createTable"  hits="1"  signature="()V" >
				<lines><line number="59"  hits="1" /></lines>
			</method>
			<method name="open"  hits="1"  signature="()V" >
				<lines><line number="87"  hits="1" /></lines>
			</method>
			<method name="mark"  hits="1"  signature="()V" >
				<lines><line number="112"  hits="1" /></lines>
			</method>
			<method name="countMines"  hits="1"  signature="()V" >
				<lines><line number="123"  hits="1" /></lines>
			</method>
			<method name="openAround"  hits="1"  signature="()V" >
				<lines><line number="138"  hits="1" /></lines>
			</method>
			<method name="render"  hits="1"  signature="()V" >
				<lines><line number="150"  hits="1" /></lines>
			</method>
			<method name="(anonymous_11)"  hits="0"  signature="()V" >
				<lines><line number="155"  hits="0" /></lines>
			</method>
		</methods>
		<lines>
			<line number="0"  hits="7"  branch="false" />
			<line number="1"  hits="1"  branch="false" />
			<line number="2"  hits="1"  branch="false" />
			<line number="5"  hits="1"  branch="false" />
			<line number="7"  hits="0"  branch="false" />
			<line number="10"  hits="0"  branch="false" />
			<line number="11"  hits="0"  branch="false" />
			<line number="15"  hits="0"  branch="false" />
			<line number="16"  hits="0"  branch="false" />
			<line number="17"  hits="0"  branch="false" />
			<line number="18"  hits="0"  branch="false" />
			<line number="19"  hits="0"  branch="false" />
			<line number="29"  hits="0"  branch="false" />
			<line number="30"  hits="0"  branch="false" />
			<line number="32"  hits="0"  branch="false" />
			<line number="33"  hits="0"  branch="false" />
			<line number="35"  hits="0"  branch="false" />
			<line number="39"  hits="0"  branch="false" />
			<line number="42"  hits="0"  branch="false" />
			<line number="43"  hits="0"  branch="false" />
			<line number="44"  hits="0"  branch="false" />
			<line number="45"  hits="0"  branch="false" />
			<line number="46"  hits="0"  branch="false" />
			<line number="47"  hits="0"  branch="false" />
			<line number="48"  hits="0"  branch="false" />
			<line number="49"  hits="0"  branch="false" />
			<line number="50"  hits="0"  branch="false" />
			<line number="53"  hits="0"  branch="true"  condition-coverage="0% (0/4)" />
			<line number="54"  hits="0"  branch="false" />
			<line number="56"  hits="0"  branch="false" />
			<line number="57"  hits="0"  branch="false" />
			<line number="62"  hits="0"  branch="false" />
			<line number="63"  hits="0"  branch="false" />
			<line number="64"  hits="0"  branch="false" />
			<line number="65"  hits="0"  branch="false" />
			<line number="66"  hits="0"  branch="false" />
			<line number="70"  hits="0"  branch="false" />
			<line number="71"  hits="0"  branch="false" />
			<line number="72"  hits="0"  branch="false" />
			<line number="73"  hits="0"  branch="false" />
			<line number="78"  hits="0"  branch="false" />
			<line number="82"  hits="0"  branch="false" />
			<line number="86"  hits="0"  branch="false" />
			<line number="87"  hits="0"  branch="false" />
			<line number="88"  hits="0"  branch="false" />
			<line number="89"  hits="0"  branch="false" />
			<line number="94"  hits="0"  branch="true"  condition-coverage="0% (0/2)" />
			<line number="99"  hits="0"  branch="false" />
			<line number="100"  hits="0"  branch="false" />
			<line number="101"  hits="0"  branch="true"  condition-coverage="0% (0/4)" />
			<line number="102"  hits="0"  branch="false" />
			<line number="103"  hits="0"  branch="false" />
			<line number="104"  hits="0"  branch="true"  condition-coverage="0% (0/2)" />
			<line number="112"  hits="0"  branch="false" />
			<line number="118"  hits="1"  branch="false" />
		</lines>
		</class>
		<class name="index.js"  filename="src/components/grass/index.js"  line-rate="0.3846"  branch-rate="0.5" >
		<methods>
			<method name="_interopRequireDefault"  hits="8"  signature="()V" >
				<lines><line number="39"  hits="8" /></lines>
			</method>
			<method name="(anonymous_2)"  hits="1"  signature="()V" >
				<lines><line number="41"  hits="1" /></lines>
			</method>
			<method name="GrassSweeper"  hits="0"  signature="()V" >
				<lines><line number="44"  hits="0" /></lines>
			</method>
			<method name="componentWillMount"  hits="1"  signature="()V" >
				<lines><line number="64"  hits="1" /></lines>
			</method>
			<method name="judge"  hits="1"  signature="()V" >
				<lines><line number="71"  hits="1" /></lines>
			</method>
			<method name="gameOver"  hits="1"  signature="()V" >
				<lines><line number="80"  hits="1" /></lines>
			</method>
			<method name="checkFlagNum"  hits="1"  signature="()V" >
				<lines><line number="87"  hits="1" /></lines>
			</method>
			<method name="addOpenNum"  hits="1"  signature="()V" >
				<lines><line number="92"  hits="1" /></lines>
			</method>
			<method name="render"  hits="1"  signature="()V" >
				<lines><line number="95"  hits="1" /></lines>
			</method>
		</methods>
		<lines>
			<line number="0"  hits="8"  branch="false" />
			<line number="1"  hits="1"  branch="false" />
			<line number="2"  hits="1"  branch="false" />
			<line number="3"  hits="1"  branch="false" />
			<line number="6"  hits="1"  branch="false" />
			<line number="8"  hits="0"  branch="false" />
			<line number="20"  hits="0"  branch="false" />
			<line number="21"  hits="0"  branch="false" />
			<line number="25"  hits="0"  branch="false" />
			<line number="26"  hits="0"  branch="false" />
			<line number="31"  hits="0"  branch="false" />
			<line number="35"  hits="0"  branch="false" />
			<line number="39"  hits="0"  branch="true"  condition-coverage="100% (4/4)" />
		</lines>
		</class>
		<class name="turf.js"  filename="src/components/grass/turf.js"  line-rate="0.3846"  branch-rate="1" >
		<methods>
			<method name="_interopRequireDefault"  hits="7"  signature="()V" >
				<lines><line number="36"  hits="7" /></lines>
			</method>
			<method name="(anonymous_2)"  hits="1"  signature="()V" >
				<lines><line number="38"  hits="1" /></lines>
			</method>
			<method name="Turf"  hits="0"  signature="()V" >
				<lines><line number="41"  hits="0" /></lines>
			</method>
			<method name="copmponentWillReceiveProps"  hits="1"  signature="()V" >
				<lines><line number="54"  hits="1" /></lines>
			</method>
			<method name="render"  hits="1"  signature="()V" >
				<lines><line number="59"  hits="1" /></lines>
			</method>
			<method name="(anonymous_6)"  hits="0"  signature="()V" >
				<lines><line number="61"  hits="0" /></lines>
			</method>
		</methods>
		<lines>
			<line number="0"  hits="7"  branch="false" />
			<line number="1"  hits="1"  branch="false" />
			<line number="2"  hits="1"  branch="false" />
			<line number="5"  hits="1"  branch="false" />
			<line number="8"  hits="0"  branch="false" />
			<line number="11"  hits="0"  branch="false" />
			<line number="14"  hits="0"  branch="false" />
			<line number="15"  hits="0"  branch="false" />
			<line number="17"  hits="0"  branch="false" />
			<line number="18"  hits="0"  branch="false" />
			<line number="28"  hits="0"  branch="false" />
			<line number="29"  hits="0"  branch="false" />
			<line number="32"  hits="1"  branch="false" />
		</lines>
		</class>
	</classes>
	</package>
	<package name="components.navbar"  line-rate="0.7273000000000001"  branch-rate="1" >
	<classes>
		<class name="index.js"  filename="src/components/navbar/index.js"  line-rate="0.7273000000000001"  branch-rate="1" >
		<methods>
			<method name="_interopRequireDefault"  hits="2"  signature="()V" >
				<lines><line number="17"  hits="2" /></lines>
			</method>
			<method name="(anonymous_2)"  hits="0"  signature="()V" >
				<lines><line number="32"  hits="0" /></lines>
			</method>
			<method name="(anonymous_3)"  hits="0"  signature="()V" >
				<lines><line number="72"  hits="0" /></lines>
			</method>
			<method name="(anonymous_4)"  hits="0"  signature="()V" >
				<lines><line number="92"  hits="0" /></lines>
			</method>
		</methods>
		<lines>
			<line number="0"  hits="2"  branch="false" />
			<line number="1"  hits="1"  branch="false" />
			<line number="3"  hits="1"  branch="false" />
			<line number="4"  hits="1"  branch="false" />
			<line number="15"  hits="1"  branch="false" />
			<line number="16"  hits="1"  branch="false" />
			<line number="17"  hits="1"  branch="true"  condition-coverage="100% (4/4)" />
			<line number="19"  hits="1"  branch="false" />
			<line number="20"  hits="0"  branch="false" />
			<line number="36"  hits="0"  branch="false" />
			<line number="46"  hits="0"  branch="false" />
		</lines>
		</class>
	</classes>
	</package>
	<package name="redux"  line-rate="0.5556"  branch-rate="0.2857" >
	<classes>
		<class name="clicker.js"  filename="src/redux/clicker.js"  line-rate="0.5"  branch-rate="0" >
		<methods>
			<method name="clicker"  hits="0"  signature="()V" >
				<lines><line number="10"  hits="0" /></lines>
			</method>
			<method name="click"  hits="0"  signature="()V" >
				<lines><line number="21"  hits="0" /></lines>
			</method>
		</methods>
		<lines>
			<line number="0"  hits="1"  branch="false" />
			<line number="1"  hits="1"  branch="false" />
			<line number="3"  hits="1"  branch="false" />
			<line number="4"  hits="0"  branch="false" />
			<line number="5"  hits="0"  branch="false" />
			<line number="8"  hits="0"  branch="false" />
			<line number="11"  hits="1"  branch="true"  condition-coverage="0% (0/4)" />
			<line number="12"  hits="0"  branch="true"  condition-coverage="0% (0/4)" />
		</lines>
		</class>
		<class name="reducers.js"  filename="src/redux/reducers.js"  line-rate="1"  branch-rate="1" >
		<methods>
			<method name="_interopRequireDefault"  hits="1"  signature="()V" >
				<lines><line number="12"  hits="1" /></lines>
			</method>
		</methods>
		<lines>
			<line number="0"  hits="1"  branch="false" />
		</lines>
		</class>
	</classes>
	</package>
	<package name="routes"  line-rate="0.8571"  branch-rate="1" >
	<classes>
		<class name="index.js"  filename="src/routes/index.js"  line-rate="0.8571"  branch-rate="1" >
		<methods>
			<method name="_interopRequireDefault"  hits="4"  signature="()V" >
				<lines><line number="25"  hits="4" /></lines>
			</method>
			<method name="(anonymous_2)"  hits="0"  signature="()V" >
				<lines><line number="27"  hits="0" /></lines>
			</method>
		</methods>
		<lines>
			<line number="0"  hits="4"  branch="false" />
			<line number="1"  hits="1"  branch="false" />
			<line number="2"  hits="1"  branch="false" />
			<line number="4"  hits="1"  branch="false" />
			<line number="5"  hits="1"  branch="false" />
			<line number="6"  hits="1"  branch="false" />
			<line number="8"  hits="0"  branch="false" />
		</lines>
		</class>
	</classes>
	</package>
	<package name="screens.about"  line-rate="0.75"  branch-rate="1" >
	<classes>
		<class name="index.js"  filename="src/screens/about/index.js"  line-rate="0.75"  branch-rate="1" >
		<methods>
			<method name="_interopRequireDefault"  hits="7"  signature="()V" >
				<lines><line number="36"  hits="7" /></lines>
			</method>
			<method name="(anonymous_2)"  hits="1"  signature="()V" >
				<lines><line number="41"  hits="1" /></lines>
			</method>
			<method name="About"  hits="1"  signature="()V" >
				<lines><line number="44"  hits="1" /></lines>
			</method>
			<method name="render"  hits="1"  signature="()V" >
				<lines><line number="51"  hits="1" /></lines>
			</method>
		</methods>
		<lines>
			<line number="0"  hits="7"  branch="false" />
			<line number="3"  hits="1"  branch="false" />
			<line number="4"  hits="1"  branch="false" />
			<line number="8"  hits="0"  branch="false" />
		</lines>
		</class>
	</classes>
	</package>
	<package name="screens.app"  line-rate="0.8332999999999999"  branch-rate="1" >
	<classes>
		<class name="index.js"  filename="src/screens/app/index.js"  line-rate="0.8332999999999999"  branch-rate="1" >
		<methods>
			<method name="_interopRequireDefault"  hits="9"  signature="()V" >
				<lines><line number="48"  hits="9" /></lines>
			</method>
			<method name="(anonymous_2)"  hits="1"  signature="()V" >
				<lines><line number="52"  hits="1" /></lines>
			</method>
			<method name="App"  hits="1"  signature="()V" >
				<lines><line number="55"  hits="1" /></lines>
			</method>
			<method name="render"  hits="1"  signature="()V" >
				<lines><line number="62"  hits="1" /></lines>
			</method>
		</methods>
		<lines>
			<line number="0"  hits="9"  branch="false" />
			<line number="3"  hits="1"  branch="false" />
			<line number="4"  hits="1"  branch="false" />
			<line number="6"  hits="1"  branch="false" />
			<line number="7"  hits="1"  branch="false" />
			<line number="17"  hits="0"  branch="false" />
		</lines>
		</class>
	</classes>
	</package>
	<package name="screens.start"  line-rate="0.8"  branch-rate="1" >
	<classes>
		<class name="index.js"  filename="src/screens/start/index.js"  line-rate="0.8"  branch-rate="1" >
		<methods>
			<method name="_interopRequireDefault"  hits="8"  signature="()V" >
				<lines><line number="40"  hits="8" /></lines>
			</method>
			<method name="(anonymous_2)"  hits="1"  signature="()V" >
				<lines><line number="44"  hits="1" /></lines>
			</method>
			<method name="Start"  hits="1"  signature="()V" >
				<lines><line number="47"  hits="1" /></lines>
			</method>
			<method name="render"  hits="1"  signature="()V" >
				<lines><line number="54"  hits="1" /></lines>
			</method>
		</methods>
		<lines>
			<line number="0"  hits="8"  branch="false" />
			<line number="3"  hits="1"  branch="false" />
			<line number="6"  hits="1"  branch="false" />
			<line number="8"  hits="1"  branch="false" />
			<line number="12"  hits="0"  branch="false" />
		</lines>
		</class>
	</classes>
	</package>
</packages>
</coverage>
