<?xml version="1.0" ?>
<!DOCTYPE coverage SYSTEM "http://cobertura.sourceforge.net/xml/coverage-04.dtd">
<coverage lines-valid="158"  lines-covered="54"  line-rate="0.3418"  branches-valid="98"  branches-covered="38"  branch-rate="0.38780000000000003"  timestamp="1464069367211" complexity="0" version="0.1">
<sources>
	<source>/home/shigeru/test/grass-sweeper</source>
</sources>
<packages>
	<package name="components.clicker"  line-rate="0.5714"  branch-rate="1" >
	<classes>
		<class name="index.js"  filename="src/components/clicker/index.js"  line-rate="0.5714"  branch-rate="1" >
		<methods>
			<method name="_interopRequireDefault"  hits="7"  signature="()V" >
				<lines><line number="44"  hits="7" /></lines>
			</method>
			<method name="mapStateToProps"  hits="0"  signature="()V" >
				<lines><line number="46"  hits="0" /></lines>
			</method>
			<method name="mapDispatchToProps"  hits="0"  signature="()V" >
				<lines><line number="52"  hits="0" /></lines>
			</method>
			<method name="(anonymous_4)"  hits="1"  signature="()V" >
				<lines><line number="56"  hits="1" /></lines>
			</method>
			<method name="Clicker"  hits="1"  signature="()V" >
				<lines><line number="59"  hits="1" /></lines>
			</method>
			<method name="render"  hits="1"  signature="()V" >
				<lines><line number="66"  hits="1" /></lines>
			</method>
			<method name="onClick"  hits="0"  signature="()V" >
				<lines><line number="81"  hits="0" /></lines>
			</method>
		</methods>
		<lines>
			<line number="0"  hits="7"  branch="false" />
			<line number="1"  hits="1"  branch="false" />
			<line number="2"  hits="1"  branch="false" />
			<line number="3"  hits="1"  branch="false" />
			<line number="5"  hits="1"  branch="false" />
			<line number="7"  hits="1"  branch="false" />
			<line number="9"  hits="1"  branch="false" />
			<line number="10"  hits="0"  branch="false" />
			<line number="15"  hits="1"  branch="false" />
			<line number="16"  hits="0"  branch="false" />
			<line number="26"  hits="0"  branch="false" />
			<line number="27"  hits="0"  branch="false" />
			<line number="33"  hits="0"  branch="false" />
			<line number="34"  hits="0"  branch="false" />
		</lines>
		</class>
	</classes>
	</package>
	<package name="components.footer"  line-rate="0.8332999999999999"  branch-rate="1" >
	<classes>
		<class name="index.js"  filename="src/components/footer/index.js"  line-rate="0.8332999999999999"  branch-rate="1" >
		<methods>
			<method name="_interopRequireDefault"  hits="4"  signature="()V" >
				<lines><line number="23"  hits="4" /></lines>
			</method>
			<method name="(anonymous_2)"  hits="0"  signature="()V" >
				<lines><line number="25"  hits="0" /></lines>
			</method>
		</methods>
		<lines>
			<line number="0"  hits="4"  branch="false" />
			<line number="1"  hits="1"  branch="false" />
			<line number="2"  hits="1"  branch="false" />
			<line number="3"  hits="1"  branch="false" />
			<line number="4"  hits="1"  branch="false" />
			<line number="6"  hits="0"  branch="false" />
		</lines>
		</class>
	</classes>
	</package>
	<package name="components.grass"  line-rate="0.0851"  branch-rate="0.0741" >
	<classes>
		<class name="index.js"  filename="src/components/grass/index.js"  line-rate="0.0851"  branch-rate="0.0741" >
		<methods>
			<method name="_interopRequireDefault"  hits="9"  signature="()V" >
				<lines><line number="43"  hits="9" /></lines>
			</method>
			<method name="(anonymous_2)"  hits="1"  signature="()V" >
				<lines><line number="47"  hits="1" /></lines>
			</method>
			<method name="Grass"  hits="0"  signature="()V" >
				<lines><line number="50"  hits="0" /></lines>
			</method>
			<method name="componentWillReceiveProps"  hits="1"  signature="()V" >
				<lines><line number="68"  hits="1" /></lines>
			</method>
			<method name="open"  hits="1"  signature="()V" >
				<lines><line number="78"  hits="1" /></lines>
			</method>
			<method name="mark"  hits="1"  signature="()V" >
				<lines><line number="83"  hits="1" /></lines>
			</method>
			<method name="_handleHighlight"  hits="1"  signature="()V" >
				<lines><line number="91"  hits="1" /></lines>
			</method>
			<method name="render"  hits="1"  signature="()V" >
				<lines><line number="96"  hits="1" /></lines>
			</method>
			<method name="(anonymous_9)"  hits="1"  signature="()V" >
				<lines><line number="122"  hits="1" /></lines>
			</method>
			<method name="Turf"  hits="0"  signature="()V" >
				<lines><line number="125"  hits="0" /></lines>
			</method>
			<method name="copmponentWillReceiveProps"  hits="1"  signature="()V" >
				<lines><line number="137"  hits="1" /></lines>
			</method>
			<method name="render"  hits="1"  signature="()V" >
				<lines><line number="142"  hits="1" /></lines>
			</method>
			<method name="(anonymous_13)"  hits="0"  signature="()V" >
				<lines><line number="144"  hits="0" /></lines>
			</method>
			<method name="(anonymous_14)"  hits="1"  signature="()V" >
				<lines><line number="166"  hits="1" /></lines>
			</method>
			<method name="Grasses"  hits="0"  signature="()V" >
				<lines><line number="169"  hits="0" /></lines>
			</method>
			<method name="componentWillReceiveProps"  hits="1"  signature="()V" >
				<lines><line number="180"  hits="1" /></lines>
			</method>
			<method name="createTable"  hits="1"  signature="()V" >
				<lines><line number="187"  hits="1" /></lines>
			</method>
			<method name="open"  hits="1"  signature="()V" >
				<lines><line number="215"  hits="1" /></lines>
			</method>
			<method name="mark"  hits="1"  signature="()V" >
				<lines><line number="240"  hits="1" /></lines>
			</method>
			<method name="countMines"  hits="1"  signature="()V" >
				<lines><line number="251"  hits="1" /></lines>
			</method>
			<method name="openAround"  hits="1"  signature="()V" >
				<lines><line number="266"  hits="1" /></lines>
			</method>
			<method name="render"  hits="1"  signature="()V" >
				<lines><line number="278"  hits="1" /></lines>
			</method>
			<method name="(anonymous_23)"  hits="0"  signature="()V" >
				<lines><line number="283"  hits="0" /></lines>
			</method>
			<method name="(anonymous_24)"  hits="1"  signature="()V" >
				<lines><line number="305"  hits="1" /></lines>
			</method>
			<method name="GrassSweeper"  hits="0"  signature="()V" >
				<lines><line number="308"  hits="0" /></lines>
			</method>
			<method name="componentWillUpdate"  hits="1"  signature="()V" >
				<lines><line number="328"  hits="1" /></lines>
			</method>
			<method name="componentWillMount"  hits="1"  signature="()V" >
				<lines><line number="335"  hits="1" /></lines>
			</method>
			<method name="judge"  hits="1"  signature="()V" >
				<lines><line number="338"  hits="1" /></lines>
			</method>
			<method name="gameOver"  hits="1"  signature="()V" >
				<lines><line number="347"  hits="1" /></lines>
			</method>
			<method name="checkFlagNum"  hits="1"  signature="()V" >
				<lines><line number="355"  hits="1" /></lines>
			</method>
			<method name="addOpenNum"  hits="1"  signature="()V" >
				<lines><line number="360"  hits="1" /></lines>
			</method>
			<method name="render"  hits="1"  signature="()V" >
				<lines><line number="363"  hits="1" /></lines>
			</method>
		</methods>
		<lines>
			<line number="0"  hits="9"  branch="false" />
			<line number="1"  hits="1"  branch="false" />
			<line number="3"  hits="1"  branch="false" />
			<line number="5"  hits="1"  branch="false" />
			<line number="8"  hits="1"  branch="false" />
			<line number="11"  hits="0"  branch="false" />
			<line number="19"  hits="0"  branch="false" />
			<line number="27"  hits="0"  branch="false" />
			<line number="30"  hits="0"  branch="false" />
			<line number="31"  hits="0"  branch="false" />
			<line number="32"  hits="0"  branch="false" />
			<line number="40"  hits="0"  branch="false" />
			<line number="41"  hits="0"  branch="false" />
			<line number="42"  hits="0"  branch="false" />
			<line number="43"  hits="0"  branch="true"  condition-coverage="100% (4/4)" />
			<line number="44"  hits="0"  branch="false" />
			<line number="45"  hits="0"  branch="false" />
			<line number="46"  hits="0"  branch="false" />
			<line number="47"  hits="0"  branch="false" />
			<line number="48"  hits="0"  branch="false" />
			<line number="49"  hits="0"  branch="false" />
			<line number="51"  hits="0"  branch="false" />
			<line number="66"  hits="1"  branch="false" />
			<line number="68"  hits="0"  branch="false" />
			<line number="69"  hits="0"  branch="false" />
			<line number="72"  hits="0"  branch="false" />
			<line number="75"  hits="0"  branch="false" />
			<line number="76"  hits="0"  branch="false" />
			<line number="78"  hits="0"  branch="false" />
			<line number="79"  hits="0"  branch="false" />
			<line number="87"  hits="0"  branch="false" />
			<line number="88"  hits="0"  branch="false" />
			<line number="89"  hits="0"  branch="false" />
			<line number="94"  hits="1"  branch="false" />
			<line number="96"  hits="0"  branch="false" />
			<line number="99"  hits="0"  branch="false" />
			<line number="100"  hits="0"  branch="false" />
			<line number="104"  hits="0"  branch="true"  condition-coverage="0% (0/2)" />
			<line number="105"  hits="0"  branch="true"  condition-coverage="0% (0/2)" />
			<line number="106"  hits="0"  branch="false" />
			<line number="107"  hits="0"  branch="false" />
			<line number="108"  hits="0"  branch="false" />
			<line number="118"  hits="0"  branch="false" />
			<line number="119"  hits="0"  branch="false" />
			<line number="120"  hits="0"  branch="false" />
			<line number="121"  hits="0"  branch="false" />
			<line number="123"  hits="0"  branch="false" />
			<line number="126"  hits="0"  branch="false" />
			<line number="127"  hits="0"  branch="false" />
			<line number="130"  hits="0"  branch="false" />
			<line number="131"  hits="0"  branch="false" />
			<line number="132"  hits="0"  branch="false" />
			<line number="133"  hits="0"  branch="false" />
			<line number="134"  hits="0"  branch="false" />
			<line number="135"  hits="0"  branch="false" />
			<line number="136"  hits="0"  branch="false" />
			<line number="137"  hits="0"  branch="false" />
			<line number="138"  hits="0"  branch="false" />
			<line number="141"  hits="0"  branch="false" />
			<line number="142"  hits="0"  branch="false" />
			<line number="144"  hits="0"  branch="false" />
			<line number="145"  hits="0"  branch="false" />
			<line number="150"  hits="0"  branch="false" />
			<line number="151"  hits="0"  branch="false" />
			<line number="152"  hits="0"  branch="false" />
			<line number="153"  hits="0"  branch="false" />
			<line number="154"  hits="0"  branch="false" />
			<line number="158"  hits="0"  branch="false" />
			<line number="159"  hits="0"  branch="false" />
			<line number="160"  hits="0"  branch="false" />
			<line number="161"  hits="0"  branch="false" />
			<line number="166"  hits="0"  branch="false" />
			<line number="170"  hits="0"  branch="false" />
			<line number="174"  hits="0"  branch="false" />
			<line number="175"  hits="0"  branch="false" />
			<line number="176"  hits="0"  branch="false" />
			<line number="177"  hits="0"  branch="false" />
			<line number="182"  hits="0"  branch="false" />
			<line number="188"  hits="0"  branch="false" />
			<line number="189"  hits="0"  branch="false" />
			<line number="190"  hits="0"  branch="false" />
			<line number="191"  hits="0"  branch="false" />
			<line number="192"  hits="0"  branch="false" />
			<line number="193"  hits="0"  branch="false" />
			<line number="199"  hits="0"  branch="false" />
			<line number="209"  hits="1"  branch="false" />
			<line number="211"  hits="0"  branch="false" />
			<line number="223"  hits="0"  branch="false" />
			<line number="224"  hits="0"  branch="true"  condition-coverage="0% (0/2)" />
			<line number="231"  hits="0"  branch="false" />
			<line number="232"  hits="0"  branch="true"  condition-coverage="0% (0/2)" />
			<line number="237"  hits="0"  branch="false" />
			<line number="242"  hits="0"  branch="false" />
			<line number="247"  hits="0"  branch="false" />
		</lines>
		</class>
	</classes>
	</package>
	<package name="components.navbar"  line-rate="0.75"  branch-rate="1" >
	<classes>
		<class name="index.js"  filename="src/components/navbar/index.js"  line-rate="0.75"  branch-rate="1" >
		<methods>
			<method name="_interopRequireDefault"  hits="2"  signature="()V" >
				<lines><line number="19"  hits="2" /></lines>
			</method>
			<method name="(anonymous_2)"  hits="0"  signature="()V" >
				<lines><line number="33"  hits="0" /></lines>
			</method>
			<method name="(anonymous_3)"  hits="0"  signature="()V" >
				<lines><line number="73"  hits="0" /></lines>
			</method>
			<method name="(anonymous_4)"  hits="0"  signature="()V" >
				<lines><line number="93"  hits="0" /></lines>
			</method>
		</methods>
		<lines>
			<line number="0"  hits="2"  branch="false" />
			<line number="1"  hits="1"  branch="false" />
			<line number="2"  hits="1"  branch="false" />
			<line number="3"  hits="1"  branch="false" />
			<line number="5"  hits="1"  branch="false" />
			<line number="20"  hits="1"  branch="false" />
			<line number="21"  hits="1"  branch="false" />
			<line number="22"  hits="1"  branch="false" />
			<line number="24"  hits="1"  branch="false" />
			<line number="25"  hits="0"  branch="false" />
			<line number="43"  hits="0"  branch="false" />
			<line number="54"  hits="0"  branch="false" />
		</lines>
		</class>
	</classes>
	</package>
	<package name="redux"  line-rate="0.5556"  branch-rate="0.2857" >
	<classes>
		<class name="clicker.js"  filename="src/redux/clicker.js"  line-rate="0.5"  branch-rate="0" >
		<methods>
			<method name="clicker"  hits="0"  signature="()V" >
				<lines><line number="10"  hits="0" /></lines>
			</method>
			<method name="click"  hits="0"  signature="()V" >
				<lines><line number="21"  hits="0" /></lines>
			</method>
		</methods>
		<lines>
			<line number="0"  hits="1"  branch="false" />
			<line number="1"  hits="1"  branch="false" />
			<line number="3"  hits="1"  branch="false" />
			<line number="4"  hits="0"  branch="false" />
			<line number="5"  hits="0"  branch="false" />
			<line number="8"  hits="0"  branch="false" />
			<line number="11"  hits="1"  branch="true"  condition-coverage="0% (0/4)" />
			<line number="12"  hits="0"  branch="true"  condition-coverage="0% (0/4)" />
		</lines>
		</class>
		<class name="reducers.js"  filename="src/redux/reducers.js"  line-rate="1"  branch-rate="1" >
		<methods>
			<method name="_interopRequireDefault"  hits="1"  signature="()V" >
				<lines><line number="12"  hits="1" /></lines>
			</method>
		</methods>
		<lines>
			<line number="0"  hits="1"  branch="false" />
		</lines>
		</class>
	</classes>
	</package>
	<package name="routes"  line-rate="0.8571"  branch-rate="1" >
	<classes>
		<class name="index.js"  filename="src/routes/index.js"  line-rate="0.8571"  branch-rate="1" >
		<methods>
			<method name="_interopRequireDefault"  hits="4"  signature="()V" >
				<lines><line number="25"  hits="4" /></lines>
			</method>
			<method name="(anonymous_2)"  hits="0"  signature="()V" >
				<lines><line number="27"  hits="0" /></lines>
			</method>
		</methods>
		<lines>
			<line number="0"  hits="4"  branch="false" />
			<line number="1"  hits="1"  branch="false" />
			<line number="2"  hits="1"  branch="false" />
			<line number="4"  hits="1"  branch="false" />
			<line number="5"  hits="1"  branch="false" />
			<line number="6"  hits="1"  branch="false" />
			<line number="8"  hits="0"  branch="false" />
		</lines>
		</class>
	</classes>
	</package>
	<package name="screens.about"  line-rate="0.75"  branch-rate="1" >
	<classes>
		<class name="index.js"  filename="src/screens/about/index.js"  line-rate="0.75"  branch-rate="1" >
		<methods>
			<method name="_interopRequireDefault"  hits="7"  signature="()V" >
				<lines><line number="36"  hits="7" /></lines>
			</method>
			<method name="(anonymous_2)"  hits="1"  signature="()V" >
				<lines><line number="41"  hits="1" /></lines>
			</method>
			<method name="About"  hits="1"  signature="()V" >
				<lines><line number="44"  hits="1" /></lines>
			</method>
			<method name="render"  hits="1"  signature="()V" >
				<lines><line number="51"  hits="1" /></lines>
			</method>
		</methods>
		<lines>
			<line number="0"  hits="7"  branch="false" />
			<line number="3"  hits="1"  branch="false" />
			<line number="4"  hits="1"  branch="false" />
			<line number="8"  hits="0"  branch="false" />
		</lines>
		</class>
	</classes>
	</package>
	<package name="screens.app"  line-rate="0.8332999999999999"  branch-rate="1" >
	<classes>
		<class name="index.js"  filename="src/screens/app/index.js"  line-rate="0.8332999999999999"  branch-rate="1" >
		<methods>
			<method name="_interopRequireDefault"  hits="9"  signature="()V" >
				<lines><line number="48"  hits="9" /></lines>
			</method>
			<method name="(anonymous_2)"  hits="1"  signature="()V" >
				<lines><line number="52"  hits="1" /></lines>
			</method>
			<method name="App"  hits="1"  signature="()V" >
				<lines><line number="55"  hits="1" /></lines>
			</method>
			<method name="render"  hits="1"  signature="()V" >
				<lines><line number="62"  hits="1" /></lines>
			</method>
		</methods>
		<lines>
			<line number="0"  hits="9"  branch="false" />
			<line number="3"  hits="1"  branch="false" />
			<line number="4"  hits="1"  branch="false" />
			<line number="6"  hits="1"  branch="false" />
			<line number="7"  hits="1"  branch="false" />
			<line number="17"  hits="0"  branch="false" />
		</lines>
		</class>
	</classes>
	</package>
	<package name="screens.start"  line-rate="0.8332999999999999"  branch-rate="1" >
	<classes>
		<class name="index.js"  filename="src/screens/start/index.js"  line-rate="0.8332999999999999"  branch-rate="1" >
		<methods>
			<method name="_interopRequireDefault"  hits="9"  signature="()V" >
				<lines><line number="44"  hits="9" /></lines>
			</method>
			<method name="(anonymous_2)"  hits="1"  signature="()V" >
				<lines><line number="49"  hits="1" /></lines>
			</method>
			<method name="Start"  hits="1"  signature="()V" >
				<lines><line number="52"  hits="1" /></lines>
			</method>
			<method name="render"  hits="1"  signature="()V" >
				<lines><line number="59"  hits="1" /></lines>
			</method>
		</methods>
		<lines>
			<line number="0"  hits="9"  branch="false" />
			<line number="3"  hits="1"  branch="false" />
			<line number="5"  hits="1"  branch="false" />
			<line number="6"  hits="1"  branch="false" />
			<line number="8"  hits="1"  branch="false" />
			<line number="12"  hits="0"  branch="false" />
		</lines>
		</class>
	</classes>
	</package>
</packages>
</coverage>
